SF:lib/data/photo_item.dart
DA:6,1
DA:7,4
DA:18,1
DA:26,0
DA:27,0
DA:29,1
DA:30,1
DA:32,0
LF:8
LH:5
end_of_record
SF:lib/data/photo_item.g.dart
DA:9,2
DA:10,1
DA:11,1
DA:12,1
DA:13,1
DA:14,1
DA:17,0
DA:18,0
DA:19,0
DA:20,0
DA:21,0
DA:22,0
LF:12
LH:6
end_of_record
SF:lib/injection/injection.dart
DA:5,3
DA:7,1
DA:12,2
LF:3
LH:3
end_of_record
SF:lib/networking/network_repository.dart
DA:9,1
DA:11,1
DA:12,1
DA:14,2
DA:15,2
LF:5
LH:5
end_of_record
SF:lib/screens/detail_screen.dart
DA:8,1
DA:10,1
DA:12,1
DA:13,1
DA:14,1
DA:15,1
DA:16,1
DA:20,1
DA:21,1
DA:22,3
DA:23,1
DA:24,2
DA:25,1
DA:26,0
DA:31,1
DA:32,1
DA:34,4
DA:42,1
DA:43,1
DA:45,3
DA:51,1
DA:52,1
DA:54,4
LF:23
LH:22
end_of_record
SF:lib/main.dart
DA:5,0
DA:6,0
DA:7,0
DA:11,2
DA:14,1
DA:16,1
DA:18,1
LF:7
LH:4
end_of_record
SF:lib/blocs/home_bloc.dart
DA:11,3
DA:12,2
DA:13,2
DA:14,1
DA:15,1
DA:16,4
DA:17,1
DA:18,0
DA:20,2
LF:9
LH:8
end_of_record
SF:lib/injection/injection.config.dart
DA:19,1
DA:24,1
DA:29,1
DA:30,2
DA:31,1
DA:32,3
DA:33,4
LF:7
LH:7
end_of_record
SF:lib/networking/dio_provider.dart
DA:6,1
DA:7,1
LF:2
LH:2
end_of_record
SF:lib/screens/home_screen.dart
DA:11,1
DA:13,1
DA:14,1
DA:18,1
DA:20,1
DA:21,1
DA:24,1
DA:25,3
DA:26,1
DA:27,1
DA:28,1
DA:29,2
DA:30,1
DA:31,0
DA:32,0
DA:33,1
DA:34,1
DA:35,0
DA:36,0
DA:45,0
DA:46,0
DA:47,0
DA:51,1
DA:52,1
DA:53,1
DA:54,1
DA:55,1
DA:56,3
DA:58,1
DA:59,1
DA:60,2
DA:61,1
DA:62,2
DA:66,1
DA:67,2
DA:68,1
DA:69,1
DA:70,1
DA:71,0
DA:73,2
DA:78,1
DA:82,1
LF:42
LH:34
end_of_record
